<?xml version="1.0" encoding="utf-8"?><testsuites name="pytest tests"><testsuite name="pytest" errors="0" failures="0" skipped="0" tests="8" time="5.520" timestamp="2026-09-13T07:32:52.033678+08:00" hostname="zhengchen-ubuntu-8xh100-05"><testcase classname="solutions.Q4_V1_ALIGNED.program.tests.test_q4" name="test_price_future_and_uncompleted_invariance[7]" time="0.005" /><testcase classname="solutions.Q4_V1_ALIGNED.program.tests.test_q4" name="test_price_future_and_uncompleted_invariance[8]" time="0.003" /><testcase classname="solutions.Q4_V1_ALIGNED.program.tests.test_q4" name="test_real_risk_core_matches_q2_and_blocks_future" time="0.759" /><testcase classname="solutions.Q4_V1_ALIGNED.program.tests.test_q4" name="test_actual_price_settlement_physics_and_tamper" time="0.743" /><testcase classname="solutions.Q4_V1_ALIGNED.program.tests.test_q4" name="test_q42_next_midnight_does_not_use_uncompleted_truth" time="1.287" /><testcase classname="solutions.Q4_V1_ALIGNED.program.tests.test_q4" name="test_q3_release_future_invariance_and_adjustment_prices" time="0.016" /><testcase classname="solutions.Q4_V1_ALIGNED.program.tests.test_q4" name="test_mature_real_residual_pools_and_accepted_heldout_gate" time="0.918" /><testcase classname="solutions.Q4_V1_ALIGNED.program.tests.test_q4" name="test_natural_midnight_emergency_and_final_adjusted_template" time="0.576" /></testsuite></testsuites>